<?xml version="1.0" encoding="UTF-8"?>
<testng-results ignored="0" total="14" passed="13" failed="1" skipped="0">
  <reporter-output>
    <line>
      <![CDATA[Login succesfully- Home page displayed]]>
    </line>
    <line>
      <![CDATA[FullScript : Skill Created successfully]]>
    </line>
    <line>
      <![CDATA[AugFullScript: Category created with 1 Skills]]>
    </line>
    <line>
      <![CDATA[Tenant 'Augfullscript' Created successfully with Active status.]]>
    </line>
    <line>
      <![CDATA[×
File uploaded successfully]]>
    </line>
    <line>
      <![CDATA[×
Question created successfully]]>
    </line>
    <line>
      <![CDATA[×
Question created successfully]]>
    </line>
    <line>
      <![CDATA[×
Question created successfully]]>
    </line>
    <line>
      <![CDATA[×
Question created successfully]]>
    </line>
    <line>
      <![CDATA[×
Question created successfully]]>
    </line>
    <line>
      <![CDATA[Augfullscriptqb1 Question Bank not Created.]]>
    </line>
    <line>
      <![CDATA[AutoTest Testnew520:Assesment created as draft]]>
    </line>
    <line>
      <![CDATA[Section1 Question section added for Assessment 'AutoTest Testnew520']]>
    </line>
    <line>
      <![CDATA[AutoTest Testnew520:Assesment published]]>
    </line>
    <line>
      <![CDATA[×
Assessment assigned successfully]]>
    </line>
    <line>
      <![CDATA[C:\Users\rameshg\seleneium4Example\seleniumScriptsRegression\Input\Tenant\Users_Bulk_Upload.xlsx is Schedule link of :AutoTest Testnew520]]>
    </line>
  </reporter-output>
  <suite started-at="2022-08-09T09:33:46 IST" name="Yaksha Test Suite" finished-at="2022-08-09T09:40:13 IST" duration-ms="386734">
    <groups>
    </groups>
    <test started-at="2022-08-09T09:33:46 IST" name="Yaksha BAT Suite" finished-at="2022-08-09T09:40:13 IST" duration-ms="386734">
      <class name="com.caiiht.fusion.selenium.yaksha.YakshaAssessment">
        <test-method is-config="true" signature="setUp()[pri:0, instance:com.caiiht.fusion.selenium.yaksha.YakshaAssessment@27953a83]" started-at="2022-08-09T09:37:34 IST" name="setUp" finished-at="2022-08-09T09:37:34 IST" duration-ms="3" status="PASS">
          <reporter-output>
          </reporter-output>
        </test-method> <!-- setUp -->
        <test-method signature="YAssessmentcreate()[pri:1, instance:com.caiiht.fusion.selenium.yaksha.YakshaAssessment@27953a83]" started-at="2022-08-09T09:37:34 IST" name="YAssessmentcreate" finished-at="2022-08-09T09:37:46 IST" duration-ms="12390" status="PASS">
          <reporter-output>
            <line>
              <![CDATA[AutoTest Testnew520:Assesment created as draft]]>
            </line>
          </reporter-output>
        </test-method> <!-- YAssessmentcreate -->
        <test-method signature="YAssessmentQuestionAdd()[pri:2, instance:com.caiiht.fusion.selenium.yaksha.YakshaAssessment@27953a83]" started-at="2022-08-09T09:37:46 IST" name="YAssessmentQuestionAdd" finished-at="2022-08-09T09:37:58 IST" duration-ms="12116" status="PASS">
          <reporter-output>
            <line>
              <![CDATA[Section1 Question section added for Assessment 'AutoTest Testnew520']]>
            </line>
          </reporter-output>
        </test-method> <!-- YAssessmentQuestionAdd -->
        <test-method signature="YAssessmentPublish()[pri:3, instance:com.caiiht.fusion.selenium.yaksha.YakshaAssessment@27953a83]" started-at="2022-08-09T09:37:58 IST" name="YAssessmentPublish" finished-at="2022-08-09T09:38:12 IST" duration-ms="13924" status="PASS">
          <reporter-output>
            <line>
              <![CDATA[AutoTest Testnew520:Assesment published]]>
            </line>
          </reporter-output>
        </test-method> <!-- YAssessmentPublish -->
        <test-method signature="YAssessmentTenent()[pri:4, instance:com.caiiht.fusion.selenium.yaksha.YakshaAssessment@27953a83]" started-at="2022-08-09T09:38:12 IST" name="YAssessmentTenent" finished-at="2022-08-09T09:38:21 IST" duration-ms="8464" status="PASS">
          <reporter-output>
            <line>
              <![CDATA[×
Assessment assigned successfully]]>
            </line>
          </reporter-output>
        </test-method> <!-- YAssessmentTenent -->
        <test-method signature="YAssessmentSchedule()[pri:5, instance:com.caiiht.fusion.selenium.yaksha.YakshaAssessment@27953a83]" started-at="2022-08-09T09:38:21 IST" name="YAssessmentSchedule" finished-at="2022-08-09T09:39:33 IST" duration-ms="72250" status="PASS">
          <reporter-output>
            <line>
              <![CDATA[C:\Users\rameshg\seleneium4Example\seleniumScriptsRegression\Input\Tenant\Users_Bulk_Upload.xlsx is Schedule link of :AutoTest Testnew520]]>
            </line>
          </reporter-output>
        </test-method> <!-- YAssessmentSchedule -->
      </class> <!-- com.caiiht.fusion.selenium.yaksha.YakshaAssessment -->
      <class name="com.caiiht.fusion.selenium.controls.BaseSetup">
        <test-method signature="launchBrowser()[pri:0, instance:com.caiiht.fusion.selenium.controls.BaseSetup@18230356]" started-at="2022-08-09T09:33:46 IST" name="launchBrowser" finished-at="2022-08-09T09:33:51 IST" duration-ms="4889" status="PASS">
          <reporter-output>
          </reporter-output>
        </test-method> <!-- launchBrowser -->
      </class> <!-- com.caiiht.fusion.selenium.controls.BaseSetup -->
      <class name="com.caiiht.fusion.selenium.yaksha.yakshaUser">
        <test-method is-config="true" signature="setUp()[pri:0, instance:com.caiiht.fusion.selenium.yaksha.yakshaUser@556d0826]" started-at="2022-08-09T09:39:33 IST" name="setUp" finished-at="2022-08-09T09:39:33 IST" duration-ms="1" status="PASS">
          <reporter-output>
          </reporter-output>
        </test-method> <!-- setUp -->
        <test-method signature="YUserLogin()[pri:0, instance:com.caiiht.fusion.selenium.yaksha.yakshaUser@556d0826]" started-at="2022-08-09T09:39:33 IST" name="YUserLogin" finished-at="2022-08-09T09:40:13 IST" duration-ms="40114" status="PASS">
          <reporter-output>
          </reporter-output>
        </test-method> <!-- YUserLogin -->
      </class> <!-- com.caiiht.fusion.selenium.yaksha.yakshaUser -->
      <class name="com.caiiht.fusion.selenium.yaksha.YakshaSkill">
        <test-method is-config="true" signature="setUp()[pri:0, instance:com.caiiht.fusion.selenium.yaksha.YakshaSkill@4fc5e095]" started-at="2022-08-09T09:34:14 IST" name="setUp" finished-at="2022-08-09T09:34:14 IST" duration-ms="16" status="PASS">
          <reporter-output>
          </reporter-output>
        </test-method> <!-- setUp -->
        <test-method signature="YSkillCreate()[pri:1, instance:com.caiiht.fusion.selenium.yaksha.YakshaSkill@4fc5e095]" started-at="2022-08-09T09:34:14 IST" name="YSkillCreate" finished-at="2022-08-09T09:34:27 IST" duration-ms="13353" status="PASS">
          <reporter-output>
            <line>
              <![CDATA[FullScript : Skill Created successfully]]>
            </line>
          </reporter-output>
        </test-method> <!-- YSkillCreate -->
        <test-method signature="YCategoryCreate()[pri:2, instance:com.caiiht.fusion.selenium.yaksha.YakshaSkill@4fc5e095]" started-at="2022-08-09T09:34:27 IST" name="YCategoryCreate" finished-at="2022-08-09T09:34:42 IST" duration-ms="14869" status="PASS">
          <reporter-output>
            <line>
              <![CDATA[AugFullScript: Category created with 1 Skills]]>
            </line>
          </reporter-output>
        </test-method> <!-- YCategoryCreate -->
      </class> <!-- com.caiiht.fusion.selenium.yaksha.YakshaSkill -->
      <class name="com.caiiht.fusion.selenium.yaksha.YakshaQuestionBankCreate2">
        <test-method is-config="true" signature="setUp()[pri:0, instance:com.caiiht.fusion.selenium.yaksha.YakshaQuestionBankCreate2@4bef0fe3]" started-at="2022-08-09T09:37:11 IST" name="setUp" finished-at="2022-08-09T09:37:11 IST" duration-ms="0" status="PASS">
          <reporter-output>
          </reporter-output>
        </test-method> <!-- setUp -->
        <test-method signature="YQuestionbankcreate()[pri:0, instance:com.caiiht.fusion.selenium.yaksha.YakshaQuestionBankCreate2@4bef0fe3]" started-at="2022-08-09T09:37:11 IST" name="YQuestionbankcreate" finished-at="2022-08-09T09:37:34 IST" duration-ms="23038" status="FAIL">
          <exception class="java.lang.AssertionError">
            <message>
              <![CDATA[Augfullscriptqb1 Question Bank not Created.]]>
            </message>
            <full-stacktrace>
              <![CDATA[java.lang.AssertionError: Augfullscriptqb1 Question Bank not Created.
at org.testng.Assert.fail(Assert.java:110)
at com.caiiht.fusion.selenium.yaksha.YakshaQuestionBankCreate2.YQuestionbankcreate(YakshaQuestionBankCreate2.java:77)
at java.base/jdk.internal.reflect.NativeMethodAccessorImpl.invoke0(Native Method)
at java.base/jdk.internal.reflect.NativeMethodAccessorImpl.invoke(NativeMethodAccessorImpl.java:77)
at java.base/jdk.internal.reflect.DelegatingMethodAccessorImpl.invoke(DelegatingMethodAccessorImpl.java:43)
at java.base/java.lang.reflect.Method.invoke(Method.java:568)
at org.testng.internal.invokers.MethodInvocationHelper.invokeMethod(MethodInvocationHelper.java:139)
at org.testng.internal.invokers.TestInvoker.invokeMethod(TestInvoker.java:677)
at org.testng.internal.invokers.TestInvoker.invokeTestMethod(TestInvoker.java:221)
at org.testng.internal.invokers.MethodRunner.runInSequence(MethodRunner.java:50)
at org.testng.internal.invokers.TestInvoker$MethodInvocationAgent.invoke(TestInvoker.java:962)
at org.testng.internal.invokers.TestInvoker.invokeTestMethods(TestInvoker.java:194)
at org.testng.internal.invokers.TestMethodWorker.invokeTestMethods(TestMethodWorker.java:148)
at org.testng.internal.invokers.TestMethodWorker.run(TestMethodWorker.java:128)
at java.base/java.util.ArrayList.forEach(ArrayList.java:1511)
at org.testng.TestRunner.privateRun(TestRunner.java:806)
at org.testng.TestRunner.run(TestRunner.java:601)
at org.testng.SuiteRunner.runTest(SuiteRunner.java:433)
at org.testng.SuiteRunner.runSequentially(SuiteRunner.java:427)
at org.testng.SuiteRunner.privateRun(SuiteRunner.java:387)
at org.testng.SuiteRunner.run(SuiteRunner.java:330)
at org.testng.SuiteRunnerWorker.runSuite(SuiteRunnerWorker.java:52)
at org.testng.SuiteRunnerWorker.run(SuiteRunnerWorker.java:95)
at org.testng.TestNG.runSuitesSequentially(TestNG.java:1256)
at org.testng.TestNG.runSuitesLocally(TestNG.java:1176)
at org.testng.TestNG.runSuites(TestNG.java:1099)
at org.testng.TestNG.run(TestNG.java:1067)
at org.testng.remote.AbstractRemoteTestNG.run(AbstractRemoteTestNG.java:115)
at org.testng.remote.RemoteTestNG.initAndRun(RemoteTestNG.java:251)
at org.testng.remote.RemoteTestNG.main(RemoteTestNG.java:77)
]]>
            </full-stacktrace>
          </exception> <!-- java.lang.AssertionError -->
          <reporter-output>
            <line>
              <![CDATA[Augfullscriptqb1 Question Bank not Created.]]>
            </line>
          </reporter-output>
        </test-method> <!-- YQuestionbankcreate -->
      </class> <!-- com.caiiht.fusion.selenium.yaksha.YakshaQuestionBankCreate2 -->
      <class name="com.caiiht.fusion.selenium.yaksha.yakshalogin">
        <test-method signature="YLogin()[pri:0, instance:com.caiiht.fusion.selenium.yaksha.yakshalogin@60dce7ea]" started-at="2022-08-09T09:33:51 IST" name="YLogin" finished-at="2022-08-09T09:34:14 IST" duration-ms="22600" status="PASS">
          <reporter-output>
            <line>
              <![CDATA[Login succesfully- Home page displayed]]>
            </line>
          </reporter-output>
        </test-method> <!-- YLogin -->
      </class> <!-- com.caiiht.fusion.selenium.yaksha.yakshalogin -->
      <class name="com.caiiht.fusion.selenium.yaksha.YakshaQuestionCreate">
        <test-method is-config="true" signature="setUp()[pri:0, instance:com.caiiht.fusion.selenium.yaksha.YakshaQuestionCreate@19fb8826]" started-at="2022-08-09T09:35:17 IST" name="setUp" finished-at="2022-08-09T09:35:17 IST" duration-ms="2" status="PASS">
          <reporter-output>
          </reporter-output>
        </test-method> <!-- setUp -->
        <test-method signature="YQuestioncreate()[pri:0, instance:com.caiiht.fusion.selenium.yaksha.YakshaQuestionCreate@19fb8826]" started-at="2022-08-09T09:35:17 IST" name="YQuestioncreate" finished-at="2022-08-09T09:37:11 IST" duration-ms="113262" status="PASS">
          <reporter-output>
            <line>
              <![CDATA[×
Question created successfully]]>
            </line>
            <line>
              <![CDATA[×
Question created successfully]]>
            </line>
            <line>
              <![CDATA[×
Question created successfully]]>
            </line>
            <line>
              <![CDATA[×
Question created successfully]]>
            </line>
            <line>
              <![CDATA[×
Question created successfully]]>
            </line>
          </reporter-output>
        </test-method> <!-- YQuestioncreate -->
      </class> <!-- com.caiiht.fusion.selenium.yaksha.YakshaQuestionCreate -->
      <class name="com.caiiht.fusion.selenium.yaksha.YakshaUserimport">
        <test-method is-config="true" signature="setUp()[pri:0, instance:com.caiiht.fusion.selenium.yaksha.YakshaUserimport@609640d5]" started-at="2022-08-09T09:34:49 IST" name="setUp" finished-at="2022-08-09T09:34:49 IST" duration-ms="0" status="PASS">
          <reporter-output>
          </reporter-output>
        </test-method> <!-- setUp -->
        <test-method signature="YUserImport()[pri:0, instance:com.caiiht.fusion.selenium.yaksha.YakshaUserimport@609640d5]" started-at="2022-08-09T09:34:49 IST" name="YUserImport" finished-at="2022-08-09T09:35:17 IST" duration-ms="28163" status="PASS">
          <reporter-output>
            <line>
              <![CDATA[×
File uploaded successfully]]>
            </line>
          </reporter-output>
        </test-method> <!-- YUserImport -->
      </class> <!-- com.caiiht.fusion.selenium.yaksha.YakshaUserimport -->
      <class name="com.caiiht.fusion.selenium.yaksha.YakshaTenantCreate">
        <test-method is-config="true" signature="setUp()[pri:0, instance:com.caiiht.fusion.selenium.yaksha.YakshaTenantCreate@435871cb]" started-at="2022-08-09T09:34:42 IST" name="setUp" finished-at="2022-08-09T09:34:42 IST" duration-ms="1" status="PASS">
          <reporter-output>
          </reporter-output>
        </test-method> <!-- setUp -->
        <test-method signature="YTenantCreate()[pri:0, instance:com.caiiht.fusion.selenium.yaksha.YakshaTenantCreate@435871cb]" started-at="2022-08-09T09:34:42 IST" name="YTenantCreate" finished-at="2022-08-09T09:34:49 IST" duration-ms="7157" status="PASS">
          <reporter-output>
            <line>
              <![CDATA[Tenant 'Augfullscript' Created successfully with Active status.]]>
            </line>
          </reporter-output>
        </test-method> <!-- YTenantCreate -->
      </class> <!-- com.caiiht.fusion.selenium.yaksha.YakshaTenantCreate -->
    </test> <!-- Yaksha BAT Suite -->
  </suite> <!-- Yaksha Test Suite -->
</testng-results>
