<?xml version="1.0" encoding="UTF-8"?>
<!-- Generated by org.testng.reporters.JUnitXMLReporter -->
<testsuite ignored="0" hostname="DESKTOP-D5MDPKE" failures="1" tests="14" name="Yaksha BAT Suite" time="386.734" errors="0" timestamp="2022-08-09T09:40:13 IST">
  <testcase classname="com.caiiht.fusion.selenium.controls.BaseSetup" name="launchBrowser" time="4.889"/>
  <testcase classname="com.caiiht.fusion.selenium.yaksha.yakshalogin" name="YLogin" time="22.6"/>
  <testcase classname="com.caiiht.fusion.selenium.yaksha.YakshaSkill" name="YSkillCreate" time="13.353"/>
  <testcase classname="com.caiiht.fusion.selenium.yaksha.YakshaSkill" name="YCategoryCreate" time="14.869"/>
  <testcase classname="com.caiiht.fusion.selenium.yaksha.YakshaTenantCreate" name="YTenantCreate" time="7.157"/>
  <testcase classname="com.caiiht.fusion.selenium.yaksha.YakshaUserimport" name="YUserImport" time="28.163"/>
  <testcase classname="com.caiiht.fusion.selenium.yaksha.YakshaQuestionCreate" name="YQuestioncreate" time="113.262"/>
  <testcase classname="com.caiiht.fusion.selenium.yaksha.YakshaQuestionBankCreate2" name="YQuestionbankcreate" time="23.038">
    <failure type="java.lang.AssertionError" message="Augfullscriptqb1 Question Bank not Created.">
      <![CDATA[java.lang.AssertionError: Augfullscriptqb1 Question Bank not Created.
at com.caiiht.fusion.selenium.yaksha.YakshaQuestionBankCreate2.YQuestionbankcreate(YakshaQuestionBankCreate2.java:77)
at java.base/java.util.ArrayList.forEach(ArrayList.java:1511)
... Removed 28 stack frames]]>
    </failure>
  </testcase> <!-- YQuestionbankcreate -->
  <testcase classname="com.caiiht.fusion.selenium.yaksha.YakshaAssessment" name="YAssessmentcreate" time="12.39"/>
  <testcase classname="com.caiiht.fusion.selenium.yaksha.YakshaAssessment" name="YAssessmentQuestionAdd" time="12.116"/>
  <testcase classname="com.caiiht.fusion.selenium.yaksha.YakshaAssessment" name="YAssessmentPublish" time="13.924"/>
  <testcase classname="com.caiiht.fusion.selenium.yaksha.YakshaAssessment" name="YAssessmentTenent" time="8.464"/>
  <testcase classname="com.caiiht.fusion.selenium.yaksha.YakshaAssessment" name="YAssessmentSchedule" time="72.25"/>
  <testcase classname="com.caiiht.fusion.selenium.yaksha.yakshaUser" name="YUserLogin" time="40.114"/>
</testsuite> <!-- Yaksha BAT Suite -->
